*************************************************************************************
***MKHP v1.0(c) april 2018-, by huliran
***Build data: Friday april 13 09:12:19 2018

HyperGraph Information---------------------------------------------------------------
Name: s1.hgr  #Vtxs: 8772  #Hedges: 8651  #nparts: 3  UBfactor: 0.05

 [  8772   8651   2.35   2.38   0.99 ] 
 [  4611   5047   2.68   2.45   1.09 ] 
 [  2650   3151   3.04   2.55   1.19 ] 
 [  1556   2066   3.55   2.67   1.33 ] 
 [   943   1440   4.17   2.73   1.53 ] 
 [   605   1071   4.92   2.78   1.77 ] 
 [   407    838   5.76   2.80   2.06 ] 
 [   292    648   6.20   2.79   2.22 ] 
 [   221    512   6.46   2.79   2.32 ] 
 [   175    422   6.74   2.79   2.41 ] 
 [   144    374   7.30   2.81   2.60 ] 
 [   117    332   8.06   2.84   2.84 ] 
 [    99    304   8.86   2.88   3.07 ] 
[ 2706   5822   293   127]
balance: [ 2706 5822 127 ] --> [ 2706 5822 127 ]

testcut = 127 mincut = 127
 [ 2706  5822 127 127 ] 
投射前： 127 投射后： 127
balance: [ 2706 5822 127 ] --> [ 2706 5822 127 ]

testcut = 115 mincut = 115
 [ 2851  5677 127 115 ] 
投射前： 115 投射后： 115
balance: [ 2851 5677 115 ] --> [ 2771 5757 80 ]

testcut = 80 mincut = 80
 [ 2771  5757 80 80 ] 
投射前： 80 投射后： 80
balance: [ 2771 5757 80 ] --> [ 2771 5757 80 ]

testcut = 80 mincut = 80
 [ 2771  5757 80 80 ] 
投射前： 80 投射后： 80
balance: [ 2878 5757 80 ] --> [ 2878 5757 80 ]

testcut = 77 mincut = 77
 [ 2849  5786 80 77 ] 
投射前： 77 投射后： 77
balance: [ 2922 5786 77 ] --> [ 2817 5891 64 ]

testcut = 64 mincut = 64
 [ 2831  5877 64 64 ] 
投射前： 64 投射后： 64
balance: [ 2831 5877 64 ] --> [ 2831 5877 64 ]

testcut = 64 mincut = 64
 [ 2831  5877 64 64 ] 
投射前： 64 投射后： 64
balance: [ 2859 5877 64 ] --> [ 2938 5798 64 ]

testcut = 56 mincut = 56
 [ 2908  5828 64 56 ] 
投射前： 56 投射后： 56
balance: [ 2918 5828 56 ] --> [ 2918 5828 56 ]

testcut = 55 mincut = 55
 [ 2907  5839 56 55 ] 
投射前： 55 投射后： 55
balance: [ 2933 5839 55 ] --> [ 2659 6113 55 ]

testcut = 52 mincut = 52
 [ 2922  5850 55 52 ] 
投射前： 52 投射后： 52
balance: [ 2922 5850 52 ] --> [ 2922 5850 52 ]

testcut = 51 mincut = 51
 [ 2925  5847 52 51 ] 
投射前： 51 投射后： 51
balance: [ 2925 5847 51 ] --> [ 2924 5848 50 ]

testcut = 50 mincut = 50
 [ 2925  5847 50 50 ] 
投射前： 50 投射后： 50
balance: [ 2925 5847 50 ] --> [ 2848 5924 47 ]

testcut = 45 mincut = 45
 [ 2924  5848 47 45 ] 
The final cutsize = 45
befor v-cycle: 45

 [  8772   8651   2.35   2.38   0.99 ] 
 [  4677   5060   2.66   2.46   1.08 ] 
 [  2714   3154   2.99   2.58   1.16 ] 
 [  1629   2035   3.42   2.74   1.25 ] 
 [  1044   1436   3.92   2.85   1.38 ] 
 [   712   1076   4.38   2.90   1.51 ] 
 [   528    851   4.72   2.93   1.61 ] 
 [   415    668   4.83   3.00   1.61 ] 
 [   344    545   4.87   3.08   1.58 ] 
 [   298    484   5.03   3.10   1.62 ] 
balance: [ 2680 5848 45 ] --> [ 2680 5848 45 ]

testcut = 45 mincut = 45
 [ 2680  5848 45 45 ] 
投射前： 45 投射后： 45
balance: [ 2680 5848 45 ] --> [ 2799 5729 45 ]

testcut = 45 mincut = 45
 [ 2799  5729 45 45 ] 
投射前： 45 投射后： 45
balance: [ 2979 5729 45 ] --> [ 2614 6094 41 ]

testcut = 41 mincut = 41
 [ 2757  5951 41 41 ] 
投射前： 41 投射后： 41
balance: [ 2757 5951 41 ] --> [ 2757 5951 41 ]

testcut = 41 mincut = 41
 [ 2757  5951 41 41 ] 
投射前： 41 投射后： 41
balance: [ 2785 5951 41 ] --> [ 2787 5949 41 ]

testcut = 41 mincut = 41
 [ 2787  5949 41 41 ] 
投射前： 41 投射后： 41
balance: [ 2797 5949 41 ] --> [ 2806 5940 41 ]

testcut = 41 mincut = 41
 [ 2806  5940 41 41 ] 
投射前： 41 投射后： 41
balance: [ 2832 5940 41 ] --> [ 2842 5930 41 ]

testcut = 41 mincut = 41
 [ 2842  5930 41 41 ] 
投射前： 41 投射后： 41
balance: [ 2842 5930 41 ] --> [ 2850 5922 41 ]

testcut = 41 mincut = 41
 [ 2850  5922 41 41 ] 
投射前： 41 投射后： 41
balance: [ 2850 5922 41 ] --> [ 2858 5914 41 ]

testcut = 41 mincut = 41
 [ 2858  5914 41 41 ] 
投射前： 41 投射后： 41
balance: [ 2858 5914 41 ] --> [ 2858 5914 41 ]

testcut = 41 mincut = 41
 [ 2858  5914 41 41 ] 
The final cutsize = 41
after v-cycle: 41
bestcut = 41

 [  5913   5880   2.39   2.40   0.99 ] 
 [  3071   3448   2.76   2.46   1.12 ] 
 [  1762   2156   3.13   2.56   1.22 ] 
 [  1039   1423   3.68   2.68   1.37 ] 
 [   636   1023   4.38   2.72   1.61 ] 
 [   415    784   5.24   2.77   1.89 ] 
 [   283    628   6.15   2.77   2.22 ] 
 [   217    516   6.55   2.75   2.38 ] 
 [   167    406   6.78   2.79   2.43 ] 
 [   134    335   6.96   2.79   2.50 ] 
 [   105    294   7.81   2.79   2.80 ] 
 [    88    269   8.61   2.82   3.06 ] 
[ 2897   3016   249   125]
balance: [ 2897 3016 125 ] --> [ 2897 3016 125 ]

testcut = 125 mincut = 125
 [ 2897  3016 125 125 ] 
投射前： 125 投射后： 125
balance: [ 2897 3016 125 ] --> [ 2897 3016 125 ]

testcut = 125 mincut = 125
 [ 2897  3016 125 125 ] 
投射前： 125 投射后： 125
balance: [ 2897 3016 125 ] --> [ 2943 2970 122 ]

testcut = 119 mincut = 119
 [ 2947  2966 122 119 ] 
投射前： 119 投射后： 119
balance: [ 2947 2966 119 ] --> [ 2947 2966 119 ]

testcut = 119 mincut = 119
 [ 2954  2959 119 119 ] 
投射前： 119 投射后： 119
balance: [ 2954 2959 119 ] --> [ 2954 2959 119 ]

testcut = 117 mincut = 117
 [ 2939  2974 119 117 ] 
投射前： 117 投射后： 117
balance: [ 2939 2974 117 ] --> [ 2939 2974 117 ]

testcut = 113 mincut = 113
 [ 2950  2963 117 113 ] 
投射前： 113 投射后： 113
balance: [ 2950 2963 113 ] --> [ 2965 2948 113 ]

testcut = 103 mincut = 103
 [ 2944  2969 113 103 ] 
投射前： 103 投射后： 103
balance: [ 2944 2969 103 ] --> [ 3014 2899 95 ]

testcut = 87 mincut = 87
 [ 2938  2975 95 87 ] 
投射前： 87 投射后： 87
balance: [ 2938 2975 87 ] --> [ 3050 2863 80 ]

testcut = 79 mincut = 79
 [ 2960  2953 80 79 ] 
投射前： 79 投射后： 79
balance: [ 2960 2953 79 ] --> [ 2938 2975 78 ]

testcut = 76 mincut = 76
 [ 2957  2956 78 76 ] 
投射前： 76 投射后： 76
balance: [ 2957 2956 76 ] --> [ 2955 2958 76 ]

testcut = 75 mincut = 75
 [ 2957  2956 76 75 ] 
投射前： 75 投射后： 78
投射前后不一样
balance: [ 2957 2956 78 ] --> [ 2957 2956 78 ]

testcut = 73 mincut = 73
 [ 2957  2956 78 73 ] 
The final cutsize = 73
befor v-cycle: 73

 [  5913   5880   2.39   2.40   0.99 ] 
 [  3125   3470   2.76   2.49   1.11 ] 
 [  1835   2184   3.13   2.63   1.19 ] 
 [  1132   1465   3.63   2.81   1.29 ] 
 [   731   1041   4.18   2.93   1.42 ] 
 [   516    819   4.78   3.01   1.59 ] 
 [   409    682   5.18   3.11   1.67 ] 
 [   337    576   5.42   3.17   1.71 ] 
 [   291    499   5.51   3.21   1.71 ] 
balance: [ 2958 2955 73 ] --> [ 2958 2955 73 ]

testcut = 73 mincut = 73
 [ 2958  2955 73 73 ] 
投射前： 73 投射后： 73
balance: [ 2958 2955 73 ] --> [ 2953 2960 73 ]

testcut = 71 mincut = 71
 [ 2954  2959 73 71 ] 
投射前： 71 投射后： 71
balance: [ 2954 2959 71 ] --> [ 2958 2955 71 ]

testcut = 71 mincut = 71
 [ 2950  2963 71 71 ] 
投射前： 71 投射后： 71
balance: [ 2950 2963 71 ] --> [ 2958 2955 71 ]

testcut = 71 mincut = 71
 [ 2952  2961 71 71 ] 
投射前： 71 投射后： 71
balance: [ 2952 2961 71 ] --> [ 2975 2938 71 ]

testcut = 71 mincut = 71
 [ 2948  2965 71 71 ] 
投射前： 71 投射后： 71
balance: [ 2948 2965 71 ] --> [ 2990 2923 71 ]

testcut = 71 mincut = 71
 [ 2955  2958 71 71 ] 
投射前： 71 投射后： 71
balance: [ 2955 2958 71 ] --> [ 2959 2954 71 ]

testcut = 71 mincut = 71
 [ 2956  2957 71 71 ] 
投射前： 71 投射后： 71
balance: [ 2956 2957 71 ] --> [ 2956 2957 71 ]

testcut = 71 mincut = 71
 [ 2956  2957 71 71 ] 
投射前： 71 投射后： 71
balance: [ 2956 2957 71 ] --> [ 2962 2951 71 ]

testcut = 71 mincut = 71
 [ 2956  2957 71 71 ] 
The final cutsize = 71
after v-cycle: 71
bestcut = 71

---------------------------------------------------------------------
Summary for the 3-way partition:
	Hyperedge Cut:              109
	Sum of external degrees:    224
	partition size:
		part 0: 2858
		part 1: 2957
		part 2: 2957

----------------------------------------------------------------------

Timing information-----------------------------------------------------
  Partitioning Time	0.36sec
MKHP is Done!
请按任意键继续. . . 